E:\VS2010work\HelmetFCEM\HelmetFCEM\Release\cl.command.1.tlog
E:\VS2010work\HelmetFCEM\HelmetFCEM\Release\CL.read.1.tlog
E:\VS2010work\HelmetFCEM\HelmetFCEM\Release\CL.write.1.tlog
E:\VS2010WORK\HELMETFCEM\HELMETFCEM\RELEASE\CLASSVIEW.OBJ
E:\VS2010WORK\HELMETFCEM\HELMETFCEM\RELEASE\DIALOG_SETSECONDQUOTA.OBJ
E:\VS2010WORK\HELMETFCEM\HELMETFCEM\RELEASE\DIALOGFIRSTQUOTA.OBJ
E:\VS2010WORK\HELMETFCEM\HELMETFCEM\RELEASE\DIALOGSELECTQUOTA.OBJ
E:\VS2010WORK\HELMETFCEM\HELMETFCEM\RELEASE\DIALOGSETPARAM.OBJ
E:\VS2010WORK\HELMETFCEM\HELMETFCEM\RELEASE\DIALOGSETQUOTAWEIGHT.OBJ
E:\VS2010WORK\HELMETFCEM\HELMETFCEM\RELEASE\DIALOGSHOWPICTURE.OBJ
E:\VS2010WORK\HELMETFCEM\HELMETFCEM\RELEASE\FILEVIEW.OBJ
E:\VS2010WORK\HELMETFCEM\HELMETFCEM\RELEASE\HELMETFCEM.EXE.INTERMEDIATE.MANIFEST
E:\VS2010WORK\HELMETFCEM\HELMETFCEM\RELEASE\HELMETFCEM.OBJ
E:\VS2010WORK\HELMETFCEM\HELMETFCEM\RELEASE\HELMETFCEM.PCH
E:\VS2010WORK\HELMETFCEM\HELMETFCEM\RELEASE\HELMETFCEM.RES
E:\VS2010work\HelmetFCEM\HelmetFCEM\Release\HelmetFCEM.write.1.tlog
E:\VS2010WORK\HELMETFCEM\HELMETFCEM\RELEASE\HELMETFCEMDOC.OBJ
E:\VS2010WORK\HELMETFCEM\HELMETFCEM\RELEASE\HELMETFCEMVIEW.OBJ
E:\VS2010work\HelmetFCEM\HelmetFCEM\Release\link.command.1.tlog
E:\VS2010work\HelmetFCEM\HelmetFCEM\Release\link.read.1.tlog
E:\VS2010work\HelmetFCEM\HelmetFCEM\Release\link.write.1.tlog
E:\VS2010work\HelmetFCEM\HelmetFCEM\Release\link-cvtres.read.1.tlog
E:\VS2010work\HelmetFCEM\HelmetFCEM\Release\link-cvtres.write.1.tlog
E:\VS2010WORK\HELMETFCEM\HELMETFCEM\RELEASE\MAINFRM.OBJ
E:\VS2010WORK\HELMETFCEM\HELMETFCEM\RELEASE\MFCTABCTRLEX.OBJ
E:\VS2010work\HelmetFCEM\HelmetFCEM\Release\mt.command.1.tlog
E:\VS2010work\HelmetFCEM\HelmetFCEM\Release\mt.read.1.tlog
E:\VS2010work\HelmetFCEM\HelmetFCEM\Release\mt.write.1.tlog
E:\VS2010WORK\HELMETFCEM\HELMETFCEM\RELEASE\OUTPUTWND.OBJ
E:\VS2010WORK\HELMETFCEM\HELMETFCEM\RELEASE\QUOTA.OBJ
E:\VS2010work\HelmetFCEM\HelmetFCEM\Release\rc.command.1.tlog
E:\VS2010work\HelmetFCEM\HelmetFCEM\Release\rc.read.1.tlog
E:\VS2010work\HelmetFCEM\HelmetFCEM\Release\rc.write.1.tlog
E:\VS2010WORK\HELMETFCEM\HELMETFCEM\RELEASE\SELECTQUOTA.OBJ
E:\VS2010WORK\HELMETFCEM\HELMETFCEM\RELEASE\STDAFX.OBJ
E:\VS2010WORK\HELMETFCEM\HELMETFCEM\RELEASE\TRANSFORMPLUS.OBJ
E:\VS2010WORK\HELMETFCEM\HELMETFCEM\RELEASE\USERCINQUOTA.OBJ
E:\VS2010WORK\HELMETFCEM\HELMETFCEM\RELEASE\VC100.PDB
E:\VS2010WORK\HELMETFCEM\HELMETFCEM\RELEASE\VIEWTREE.OBJ
E:\VS2010WORK\HELMETFCEM\RELEASE\HELMETFCEM.EXE
E:\VS2010WORK\HELMETFCEM\RELEASE\HELMETFCEM.PDB
