生成启动时间为 2016/11/5 17:12:28。
     1>项目“E:\VS2010work\HelmetFCEM\HelmetFCEM\HelmetFCEM.vcxproj”在节点 2 上(build 个目标)。
     1>InitializeBuildStatus:
         正在创建“Debug\HelmetFCEM.unsuccessfulbuild”，因为已指定“AlwaysCreate”。
       ClCompile:
         所有输出均为最新。
         C:\Program Files (x86)\Microsoft Visual Studio 10.0\VC\bin\CL.exe /c /ZI /nologo /W3 /WX- /Od /Oy- /D WIN32 /D _WINDOWS /D _DEBUG /D _UNICODE /D UNICODE /Gm /EHsc /RTC1 /MTd /GS /fp:precise /Zc:wchar_t /Zc:forScope /Yu"StdAfx.h" /Fp"Debug\HelmetFCEM.pch" /Fo"Debug\\" /Fd"Debug\vc100.pdb" /Gd /TP /analyze- /errorReport:prompt HelmetFCEMView.cpp
         HelmetFCEMView.cpp
       ResourceCompile:
         所有输出均为最新。
       ManifestResourceCompile:
         所有输出均为最新。
       Link:
         C:\Program Files (x86)\Microsoft Visual Studio 10.0\VC\bin\link.exe /ERRORREPORT:PROMPT /OUT:"E:\VS2010work\HelmetFCEM\Debug\HelmetFCEM.exe" /INCREMENTAL /NOLOGO /MANIFEST /ManifestFile:"Debug\HelmetFCEM.exe.intermediate.manifest" /MANIFESTUAC:"level='asInvoker' uiAccess='false'" /DEBUG /PDB:"E:\VS2010work\HelmetFCEM\Debug\HelmetFCEM.pdb" /SUBSYSTEM:WINDOWS /TLBID:1 /ENTRY:"wWinMainCRTStartup" /DYNAMICBASE /NXCOMPAT /IMPLIB:"E:\VS2010work\HelmetFCEM\Debug\HelmetFCEM.lib" /MACHINE:X86 Debug\HelmetFCEM.res
         Debug\HelmetFCEM.exe.embed.manifest.res
         Debug\ClassView.obj
         Debug\DialogFirstQuota.obj
         Debug\DialogSelectQuota.obj
         Debug\DialogSetParam.obj
         Debug\DialogSetQuotaWeight.obj
         Debug\DialogShowPicture.obj
         Debug\Dialog_setSecondQuota.obj
         Debug\FileView.obj
         Debug\HelmetFCEM.obj
         Debug\HelmetFCEMDoc.obj
         Debug\HelmetFCEMView.obj
         Debug\MainFrm.obj
         Debug\MFCTabCtrlEx.obj
         Debug\OutputWnd.obj
         Debug\Quota.obj
         Debug\SelectQuota.obj
         Debug\stdafx.obj
         Debug\TransformPlus.obj
         Debug\UserCinQuota.obj
         Debug\ViewTree.obj
       Manifest:
         C:\Program Files (x86)\Microsoft SDKs\Windows\v7.0A\bin\mt.exe /nologo /verbose /out:"Debug\HelmetFCEM.exe.embed.manifest" /manifest Debug\HelmetFCEM.exe.intermediate.manifest "C:\Program Files (x86)\Microsoft Visual Studio 10.0\VC\Include\Manifest\dpiaware.manifest"
         所有输出均为最新。
       LinkEmbedManifest:
         所有输出均为最新。
         HelmetFCEM.vcxproj -> E:\VS2010work\HelmetFCEM\Debug\HelmetFCEM.exe
       FinalizeBuildStatus:
         正在删除文件“Debug\HelmetFCEM.unsuccessfulbuild”。
         正在对“Debug\HelmetFCEM.lastbuildstate”执行 Touch 任务。
     1>已完成生成项目“E:\VS2010work\HelmetFCEM\HelmetFCEM\HelmetFCEM.vcxproj”(build 个目标)的操作。

生成成功。

已用时间 00:00:16.17
